<?xml version="1.0" encoding="UTF-8"?>
<testsuite name="com.gabosol777.demo.service.WordAnalyzerTest" tests="7" skipped="0" failures="0" errors="0" timestamp="2023-06-19T02:36:32" hostname="Gabriel-Solano-MacBook-Pro.local" time="0.047">
  <properties/>
  <testcase name="testResolveSingleClosestValueAreSameReturnHighest()" classname="com.gabosol777.demo.service.WordAnalyzerTest" time="0.033"/>
  <testcase name="testResolveValueWithExactMatchAndSingleWord()" classname="com.gabosol777.demo.service.WordAnalyzerTest" time="0.001"/>
  <testcase name="testResolveSingleClosestValueUp()" classname="com.gabosol777.demo.service.WordAnalyzerTest" time="0.001"/>
  <testcase name="testLexicalClosestHigher()" classname="com.gabosol777.demo.service.WordAnalyzerTest" time="0.001"/>
  <testcase name="testResolveValueWithExactMatchAndMultipleWord()" classname="com.gabosol777.demo.service.WordAnalyzerTest" time="0.001"/>
  <testcase name="testLexicalClosestLower()" classname="com.gabosol777.demo.service.WordAnalyzerTest" time="0.001"/>
  <testcase name="testResolveSingleClosestValueDown()" classname="com.gabosol777.demo.service.WordAnalyzerTest" time="0.001"/>
  <system-out><![CDATA[]]></system-out>
  <system-err><![CDATA[]]></system-err>
</testsuite>
